2017-09-21 15:10:27.702 LOG_ALARM -----------------  log4z thread started!   ---------------------------- log4z.cpp:1786
2017-09-21 15:10:27.702 LOG_ALARM logger id=0 key=Main name=Main path=./log/ level=2 display=true log4z.cpp:1796
2017-09-21 15:10:27.770 LOG_INFO  Server Listening Port: 192.168.2.48|10000  netserver.cpp:88
2017-09-21 15:10:28.770 LOG_ERROR 信息: game_inst 数据库链接失败
文件: e:\work\[1]svn\project_z\trunk\server\src\dbserver\world\world.cpp
函数: CWorld::Initialize
行号: 184
 assert.h:46
2017-09-21 16:13:38.718 LOG_ALARM -----------------  log4z thread started!   ---------------------------- log4z.cpp:1786
2017-09-21 16:13:38.719 LOG_ALARM logger id=0 key=Main name=Main path=./log/ level=2 display=true log4z.cpp:1796
2017-09-21 16:13:38.812 LOG_INFO  Server Listening Port: 192.168.2.48|10000  netserver.cpp:88
2017-09-21 16:13:38.846 LOG_ERROR 信息: game_inst 数据库链接失败
文件: e:\work\[1]svn\project_z\trunk\server\src\dbserver\world\world.cpp
函数: CWorld::Initialize
行号: 184
 assert.h:46
2017-09-21 16:18:53.626 LOG_ALARM -----------------  log4z thread started!   ---------------------------- log4z.cpp:1786
2017-09-21 16:18:53.626 LOG_ALARM logger id=0 key=Main name=Main path=./log/ level=2 display=true log4z.cpp:1796
2017-09-21 16:18:53.704 LOG_INFO  Server Listening Port: 192.168.2.48|10000  netserver.cpp:88
2017-09-21 16:19:23.710 LOG_ERROR 信息: game_inst 数据库链接失败
文件: e:\work\[1]svn\project_z\trunk\server\src\dbserver\world\world.cpp
函数: CWorld::Initialize
行号: 184
 assert.h:46
2017-09-21 16:19:49.135 LOG_ALARM -----------------  log4z thread started!   ---------------------------- log4z.cpp:1786
2017-09-21 16:19:49.135 LOG_ALARM logger id=0 key=Main name=Main path=./log/ level=2 display=true log4z.cpp:1796
2017-09-21 16:19:49.181 LOG_INFO  Server Listening Port: 192.168.2.48|10000  netserver.cpp:88
2017-09-21 16:23:16.634 LOG_ALARM -----------------  log4z thread started!   ---------------------------- log4z.cpp:1786
2017-09-21 16:23:16.634 LOG_ALARM logger id=0 key=Main name=Main path=./log/ level=2 display=true log4z.cpp:1796
2017-09-21 16:23:16.684 LOG_INFO  Server Listening Port: 192.168.2.48|10000  netserver.cpp:88
2017-09-21 16:27:41.168 LOG_ALARM -----------------  log4z thread started!   ---------------------------- log4z.cpp:1786
2017-09-21 16:27:41.168 LOG_ALARM logger id=0 key=Main name=Main path=./log/ level=2 display=true log4z.cpp:1796
2017-09-21 16:27:41.224 LOG_INFO  Server Listening Port: 192.168.2.48|10000  netserver.cpp:88
2017-09-21 16:28:19.481 LOG_ERROR 信息: Query执行SQL错误,错误码:=1146 错误原因:=Table 'game_inst.hd_account' doesn't exist 
SQLLen:63 SQL:SELECT gd_Account, gd_BindAccount, gd_ServerID FROM hd_account;
文件: e:\work\[1]svn\project_z\trunk\server\library\gdk\database\database.cpp
函数: CDataBase::Query
行号: 184
 assert.h:46
2017-09-21 16:36:47.081 LOG_ALARM -----------------  log4z thread started!   ---------------------------- log4z.cpp:1786
2017-09-21 16:36:47.081 LOG_ALARM logger id=0 key=Main name=Main path=./log/ level=2 display=true log4z.cpp:1796
2017-09-21 16:36:47.231 LOG_INFO  Server Listening Port: 192.168.2.48|10000  netserver.cpp:88
2017-09-21 16:48:36.242 LOG_ERROR 信息: Query执行SQL错误,错误码:=1146 错误原因:=Table 'game_inst.hd_account' doesn't exist 
SQLLen:63 SQL:SELECT gd_Account, gd_BindAccount, gd_ServerID FROM hd_account;
文件: e:\work\[1]svn\project_z\trunk\server\library\gdk\database\database.cpp
函数: CDataBase::Query
行号: 184
 assert.h:46
2017-09-21 16:48:43.047 LOG_ERROR 信息: Query执行SQL错误,错误码:=1054 错误原因:=Unknown column 'gd_EmailSendGold' in 'field list' 
SQLLen:354 SQL:SELECT gd_AccountID, gd_Salesman, gd_SendEmail, gd_TotalBetting, gd_TotalRebate, gd_BindCode, gd_OneNumber, gd_OneBetting, gd_TwoNumber, gd_TwoBetting, gd_GiveGold, gd_ChangeName, gd_Win, gd_Lose, gd_He, gd_TotalDealer,gd_Downline,gd_TDNumber,gd_TDBetting,gd_EmailSendGold,gd_EmailRecvGold,gd_WeiXinCharge,gd_AlipayCharge,gd_OtherCharge FROM gd_account2;
文件: e:\work\[1]svn\project_z\trunk\server\library\gdk\database\database.cpp
函数: CDataBase::Query
行号: 184
 assert.h:46
2017-09-21 16:56:37.158 LOG_ALARM -----------------  log4z thread started!   ---------------------------- log4z.cpp:1786
2017-09-21 16:56:37.159 LOG_ALARM logger id=0 key=Main name=Main path=./log/ level=2 display=true log4z.cpp:1796
2017-09-21 16:56:37.218 LOG_INFO  Server Listening Port: 192.168.2.48|10000  netserver.cpp:88
2017-09-21 17:38:30.312 LOG_ALARM -----------------  log4z thread started!   ---------------------------- log4z.cpp:1786
2017-09-21 17:38:30.313 LOG_ALARM logger id=0 key=Main name=Main path=./log/ level=2 display=true log4z.cpp:1796
2017-09-21 17:38:30.371 LOG_INFO  Server Listening Port: 192.168.2.48|10000  netserver.cpp:88
2017-09-21 17:59:14.040 LOG_ERROR 信息: NotCommitExecute执行SQL错误,错误码:=1054 错误原因:=Unknown column 'log_NewCount' in 'field list' 
SQLLen:129 SQL:INSERT INTO log_online(log_MaxOnline, log_Online,log_NewCount,log_ProfitGold,log_Time) VALUES (1, 0, 0, 0, '2017-09-21 17:59:14')
文件: e:\work\[1]svn\project_z\trunk\server\library\gdk\database\database.cpp
函数: CDataBase::NotCommitExecute
行号: 339
 assert.h:46
2017-09-21 18:50:19.371 LOG_ALARM -----------------  log4z thread started!   ---------------------------- log4z.cpp:1786
2017-09-21 18:50:19.371 LOG_ALARM logger id=0 key=Main name=Main path=./log/ level=2 display=true log4z.cpp:1796
2017-09-21 18:50:19.437 LOG_INFO  Server Listening Port: 192.168.2.48|10000  netserver.cpp:88
