2017-09-21 18:49:14.310 LOG_ALARM -----------------  log4z thread started!   ---------------------------- log4z.cpp:1786
2017-09-21 18:49:14.310 LOG_ALARM logger id=0 key=Main name=Main path=./log/ level=2 display=true log4z.cpp:1796
2017-09-21 18:49:14.365 LOG_INFO  Server Listening Port: 192.168.2.48|10000  netserver.cpp:88
2017-09-21 18:49:14.369 LOG_ERROR 信息: game_inst 数据库链接失败
文件: e:\work\[1]svn\project_z\trunk\server\src\dbserver\world\world.cpp
函数: CWorld::Initialize
行号: 184
 assert.h:46
2017-09-21 18:49:50.355 LOG_ALARM -----------------  log4z thread started!   ---------------------------- log4z.cpp:1786
2017-09-21 18:49:50.355 LOG_ALARM logger id=0 key=Main name=Main path=./log/ level=2 display=true log4z.cpp:1796
2017-09-21 18:49:50.400 LOG_INFO  Server Listening Port: 192.168.2.48|10000  netserver.cpp:88
2017-09-21 18:49:50.405 LOG_ERROR 信息: game_inst 数据库链接失败
文件: e:\work\[1]svn\project_z\trunk\server\src\dbserver\world\world.cpp
函数: CWorld::Initialize
行号: 184
 assert.h:46
2017-09-21 18:50:02.441 LOG_ERROR 信息: 启动程序时, World初始化失败, 返回值: -2
文件: e:\work\[1]svn\project_z\trunk\server\src\dbserver\dbserver.cpp
函数: main
行号: 144
 assert.h:46
2017-09-21 18:51:59.940 LOG_ALARM -----------------  log4z thread started!   ---------------------------- log4z.cpp:1786
2017-09-21 18:51:59.940 LOG_ALARM logger id=0 key=Main name=Main path=./log/ level=2 display=true log4z.cpp:1796
2017-09-21 18:51:59.983 LOG_INFO  Server Listening Port: 192.168.2.48|10000  netserver.cpp:88
2017-09-21 23:17:11.152 LOG_ALARM -----------------  log4z thread started!   ---------------------------- log4z.cpp:1786
2017-09-21 23:17:11.152 LOG_ALARM logger id=0 key=Main name=Main path=./log/ level=2 display=true log4z.cpp:1796
2017-09-21 23:17:11.197 LOG_INFO  Server Listening Port: 192.168.1.3|10000  netserver.cpp:88
2017-09-21 23:17:11.288 LOG_ERROR 信息: game_inst 数据库链接失败
文件: e:\work\[1]svn\project_z\trunk\server\src\dbserver\world\world.cpp
函数: CWorld::Initialize
行号: 184
 assert.h:46
2017-09-21 23:17:49.443 LOG_ALARM -----------------  log4z thread started!   ---------------------------- log4z.cpp:1786
2017-09-21 23:17:49.443 LOG_ALARM logger id=0 key=Main name=Main path=./log/ level=2 display=true log4z.cpp:1796
2017-09-21 23:17:49.487 LOG_INFO  Server Listening Port: 192.168.1.3|10000  netserver.cpp:88
2017-09-21 23:38:19.016 LOG_ERROR 信息: NotCommitExecute执行SQL错误,错误码:=1054 错误原因:=Unknown column 'log_NewCount' in 'field list' 
SQLLen:129 SQL:INSERT INTO log_online(log_MaxOnline, log_Online,log_NewCount,log_ProfitGold,log_Time) VALUES (1, 0, 1, 0, '2017-09-21 23:38:19')
文件: e:\work\[1]svn\project_z\trunk\server\library\gdk\database\database.cpp
函数: CDataBase::NotCommitExecute
行号: 339
 assert.h:46
